<?xml version="1.0" encoding="UTF-8" standalone="no"?>
<testsuite errors="0" failures="0" name="io.cucumber.core.plugin.JUnitFormatter" skipped="0" tests="1" time="5.721">
<testcase classname="feature to test google search functionality" name="Validate google search is working" time="5.56">
<system-out><![CDATA[Given browser is open.......................................................passed
And user is on google search page...........................................passed
]]></system-out>
</testcase>
</testsuite>
